<?xml version="1.0" encoding="UTF-8"?>
<testsuite name="DresseurTest" tests="11" skipped="0" failures="0" errors="0" timestamp="2023-09-25T03:47:49" hostname="Jamils-MacBook-Air.local" time="0.11">
  <properties/>
  <testcase name="testEgaliteEtHashCode()" classname="DresseurTest" time="0.047"/>
  <testcase name="testSupprimerCreature()" classname="DresseurTest" time="0.002"/>
  <testcase name="testConstructeurCopie()" classname="DresseurTest" time="0.004"/>
  <testcase name="testSetCreatures()" classname="DresseurTest" time="0.001"/>
  <testcase name="testToString()" classname="DresseurTest" time="0.026"/>
  <testcase name="testGetCreature()" classname="DresseurTest" time="0.001"/>
  <testcase name="testAjouterCreature()" classname="DresseurTest" time="0.002"/>
  <testcase name="testConstructeur()" classname="DresseurTest" time="0.001"/>
  <testcase name="testGetNombreCreatures()" classname="DresseurTest" time="0.0"/>
  <testcase name="testSetNom()" classname="DresseurTest" time="0.001"/>
  <testcase name="testAttraperCreature()" classname="DresseurTest" time="0.002"/>
  <system-out><![CDATA[]]></system-out>
  <system-err><![CDATA[]]></system-err>
</testsuite>
