<?xml version="1.0" encoding="UTF-8"?>
<testsuite name="BFSMazeTest" tests="1" skipped="0" failures="0" errors="0" timestamp="2023-11-22T23:10:15" hostname="Jamils-Air" time="0.025">
  <properties/>
  <testcase name="inputsValidity()" classname="BFSMazeTest" time="0.025"/>
  <system-out><![CDATA[###
###
###
###
__#
###
]]></system-out>
  <system-err><![CDATA[]]></system-err>
</testsuite>
